29.10.2019 14:08:39
> Open file
> Add new LibItem(s): count = 36
0,1562696 sec.
____________________
02.11.2019 14:22:19
> Open file
> Add new LibItem(s): count = 7
0,126007 sec.
____________________
02.11.2019 14:34:17
> Open file
> Add new LibItem(s): count = 7
0,1230095 sec.
____________________
02.11.2019 14:34:56
> Open file
> Add new LibItem(s): count = 7
0,1049981 sec.
____________________
02.11.2019 14:35:23
> Open file
> Add new LibItem(s): count = 36
0,1140152 sec.
____________________
02.11.2019 14:39:22
> Open file
> Add new LibItem(s): count = 36
0,1519909 sec.
____________________
02.11.2019 14:39:25
> Find unique where libItems count = 36 
0,117999 sec.
____________________
02.11.2019 14:40:49
> Open file
> Add new LibItem(s): count = 36
0,193989 sec.
____________________
02.11.2019 14:40:51
> Find unique where libItems count = 36 
02.11.2019 14:43:46
> Open file
> Add new LibItem(s): count = 36
0,1710025 sec.
____________________
02.11.2019 14:45:51
> Find unique where libItems count = 36 
02.11.2019 14:53:34
> Open file
> Add new LibItem(s): count = 36
0,1679997 sec.
____________________
02.11.2019 14:54:22
> Find unique where libItems count = 36 
0,1350036 sec.
____________________
03.11.2019 8:41:40
> Open file
> Add new LibItem(s): count = 36
0,1791449 sec.
____________________
03.11.2019 8:43:35
> Find unique where libItems count = 36 
0,1248224 sec.
____________________
03.11.2019 8:52:22
> Open file
> Add new LibItem(s): count = 36
0,1406074 sec.
____________________
03.11.2019 9:06:23
> Open file
> Add new LibItem(s): count = 221
0,7089935 sec.
____________________
03.11.2019 9:07:26
> Find unique where libItems count = 221 
0,4380049 sec.
____________________
03.11.2019 9:08:05
> Open file
> Add new LibItem(s): count = 36
0,2031303 sec.
____________________
03.11.2019 9:08:16
> Add new LibItem(s): count = 22
0,2656463 sec.
____________________
03.11.2019 9:08:24
> Find unique where libItems count = 58 
0,1249739 sec.
____________________
05.11.2019 11:43:48
> Open file
> Add new LibItem(s): count = 20
0,1250273 sec.
____________________
05.11.2019 11:44:11
> Open file
> Add new LibItem(s): count = 110
0,2343856 sec.
____________________
05.11.2019 11:44:24
> Open file
> Add new LibItem(s): count = 74
0,1874852 sec.
____________________
05.11.2019 11:44:38
> Open file
> Add new LibItem(s): count = 1374
2,2015571 sec.
____________________
05.11.2019 11:44:56
> Open file
> Add new LibItem(s): count = 339
0,8636631 sec.
____________________
05.11.2019 11:51:10
05.11.2019 11:55:23
> Open file
> Add new LibItem(s): count = 112
0,4063006 sec.
____________________
05.11.2019 12:02:46
> Open file
> Add new LibItem(s): count = 112
0,4399982 sec.
____________________
05.11.2019 12:04:47
> Open file
> Add new LibItem(s): count = 112
0,4680004 sec.
____________________
05.11.2019 12:05:54
> Open file
> Add new LibItem(s): count = 112
0,6279964 sec.
____________________
05.11.2019 12:07:13
> Open file
> Add new LibItem(s): count = 112
0,4280005 sec.
____________________
05.11.2019 12:08:51
> Open file
> Add new LibItem(s): count = 112
0,3519992 sec.
____________________
05.11.2019 12:10:05
> Open file
> Add new LibItem(s): count = 112
0,4239981 sec.
____________________
05.11.2019 12:19:49
> Open file
> Add new LibItem(s): count = 112
0,3599983 sec.
____________________
05.11.2019 12:20:31
> Add new LibItem(s): count = 112
0,7600011 sec.
____________________
05.11.2019 12:22:10
> Open file
> Add new LibItem(s): count = 112
0,4200058 sec.
____________________
05.11.2019 12:26:48
> Open file
> Add new LibItem(s): count = 339
1,0879873 sec.
____________________
05.11.2019 12:27:39
> Open file
> Add new LibItem(s): count = 339
1,40002 sec.
____________________
05.11.2019 12:30:07
> Open file
> Add new LibItem(s): count = 339
1,4760075 sec.
____________________
05.11.2019 12:37:05
> Open file
> Add new LibItem(s): count = 8
0,1562535 sec.
____________________
05.11.2019 12:37:38
> Open file
> Add new LibItem(s): count = 8
0,1875004 sec.
____________________
05.11.2019 12:39:15
> Open file
> Add new LibItem(s): count = 8
0,2031451 sec.
____________________
05.11.2019 12:40:10
> Open file
> Add new LibItem(s): count = 8
0,1562493 sec.
____________________
16.11.2019 13:48:16
> Open file
> Add new LibItem(s): count = 45
0,2659889 sec.
____________________
16.11.2019 13:51:25
> Open file
> Add new LibItem(s): count = 339
1,0280044 sec.
____________________
18.12.2019 18:37:28
> Add new LibItem(s): count = 81
0,6240122 sec.
____________________
18.12.2019 18:38:38
> Open file
> Add new LibItem(s): count = 81
0,2187523 sec.
____________________
18.12.2019 18:40:40
> Open file
> Add new LibItem(s): count = 4
0,0937502 sec.
____________________
18.12.2019 18:45:20
> Open file
> Add new LibItem(s): count = 4
0,1179998 sec.
____________________
18.12.2019 18:47:07
> Open file
> Add new LibItem(s): count = 4
0,0937291 sec.
____________________
20.12.2019 23:08:26
> Open file
> Add new LibItem(s): count = 0
0,0937498 sec.
____________________
20.12.2019 23:08:43
> Open file
> Add new LibItem(s): count = 10
0,0937292 sec.
____________________
20.12.2019 23:09:09
> Open file
> Add new LibItem(s): count = 5
0,0468799 sec.
____________________
20.12.2019 23:09:14
> Open file
> Add new LibItem(s): count = 5
0,0625035 sec.
____________________
20.12.2019 23:09:38
> Find unique where libItems count = 5 
0,0468676 sec.
____________________
20.12.2019 23:09:40
> Find relevance where libItems count = 5 
0,0312604 sec.
____________________
23.01.2020 19:41:06
> Open file
> Add new LibItem(s): count = 4
0,3251045 sec.
____________________
23.01.2020 19:44:15
> Open file
> Add new LibItem(s): count = 4
0,1718792 sec.
____________________
29.01.2020 15:30:58
> Open file
> Add new LibItem(s): count = 3
0,171875 sec.
____________________
29.01.2020 15:32:55
> Open file
> Add new LibItem(s): count = 7
0,1093931 sec.
____________________
29.01.2020 15:33:49
> Open file
> Add new LibItem(s): count = 7
0,1562495 sec.
____________________
29.01.2020 15:48:59
> Open file
> Add new LibItem(s): count = 7
0,1874978 sec.
____________________
29.01.2020 15:50:27
> Open file
> Add new LibItem(s): count = 7
0,0625002 sec.
____________________
11.02.2020 21:22:24
> Open file
> Add new LibItem(s): count = 1
85,4753318 sec.
____________________
11.02.2020 21:26:28
> Open file
> Add new LibItem(s): count = 1
9,3663603 sec.
____________________
11.02.2020 21:27:52
> Open file
> Add new LibItem(s): count = 1
0,0659907 sec.
____________________
11.02.2020 21:28:24
> Open file
> Add new LibItem(s): count = 1
0,0624871 sec.
____________________
11.02.2020 21:30:16
> Open file
> Add new LibItem(s): count = 1
0,04687 sec.
____________________
11.02.2020 21:30:44
> Open file
> Add new LibItem(s): count = 1
0,1289993 sec.
____________________
11.02.2020 21:34:20
> Open file
> Add new LibItem(s): count = 0
0,0624803 sec.
____________________
11.02.2020 21:36:16
> Open file
> Add new LibItem(s): count = 0
0,062498 sec.
____________________
11.02.2020 21:43:35
> Open file
> Add new LibItem(s): count = 1
0,1816957 sec.
____________________
11.02.2020 22:45:22
> Open file
> Add new LibItem(s): count = 1
0,1554242 sec.
____________________
11.02.2020 22:47:08
> Open file
> Add new LibItem(s): count = 2
0,1499994 sec.
____________________
11.02.2020 22:53:41
> Open file
> Add new LibItem(s): count = 0
0,1001523 sec.
____________________
11.02.2020 22:54:38
> Open file
> Add new LibItem(s): count = 441
1,3900709 sec.
____________________
11.02.2020 23:10:06
> Open file
> Add new LibItem(s): count = 441
1,3625816 sec.
____________________
11.02.2020 23:17:22
> Open file
> Add new LibItem(s): count = 441
1,2548986 sec.
____________________
11.02.2020 23:18:21
> Open file
> Add new LibItem(s): count = 12
0,1846584 sec.
____________________
11.02.2020 23:19:09
> Add new LibItem(s): count = 65
0,4261549 sec.
____________________
11.02.2020 23:20:49
> Add new LibItem(s): count = 65
0,8585524 sec.
____________________
11.02.2020 23:33:26
> Open file
> Add new LibItem(s): count = 65
0,3679994 sec.
____________________
11.02.2020 23:37:37
> Open file
> Add new LibItem(s): count = 65
0,3806571 sec.
____________________
12.02.2020 10:03:30
> Open file
> Add new LibItem(s): count = 65
0,2812508 sec.
____________________
12.02.2020 10:16:15
> Open file
> Add new LibItem(s): count = 65
0,2720218 sec.
____________________
12.02.2020 10:38:12
> Open file
> Add new LibItem(s): count = 65
0,2630567 sec.
____________________
12.02.2020 10:44:47
> Open file
> Add new LibItem(s): count = 65
0,2468745 sec.
____________________
12.02.2020 13:30:07
> Open file
> Add new LibItem(s): count = 65
0,2560106 sec.
____________________
12.02.2020 13:31:09
> Open file
> Add new LibItem(s): count = 65
0,2389841 sec.
____________________
12.02.2020 13:36:00
> Open file
> Add new LibItem(s): count = 65
0,2289888 sec.
____________________
12.02.2020 13:38:11
> Open file
> Add new LibItem(s): count = 65
1,2187746 sec.
____________________
12.02.2020 13:39:54
> Add new LibItem(s): count = 65
0,4062435 sec.
____________________
12.02.2020 13:40:29
> Open file
> Add new LibItem(s): count = 205
0,374981 sec.
____________________
12.02.2020 13:42:48
> Open file
> Add new LibItem(s): count = 65
0,2500094 sec.
____________________
12.02.2020 13:53:10
> Open file
> Add new LibItem(s): count = 65
0,2635028 sec.
____________________
12.02.2020 13:54:52
> Open file
> Add new LibItem(s): count = 65
0,2343599 sec.
____________________
12.02.2020 13:55:50
> Open file
> Add new LibItem(s): count = 65
0,2187516 sec.
____________________
12.02.2020 13:56:54
> Open file
> Add new LibItem(s): count = 65
0,2343753 sec.
____________________
12.02.2020 13:59:37
> Open file
> Add new LibItem(s): count = 65
0,2343578 sec.
____________________
12.02.2020 14:03:21
> Open file
> Add new LibItem(s): count = 65
0,2187429 sec.
____________________
12.02.2020 14:03:40
> Add new LibItem(s): count = 376
2,1874969 sec.
____________________
12.02.2020 14:06:53
> Open file
> Add new LibItem(s): count = 441
0,8281436 sec.
____________________
12.02.2020 14:08:26
> Open file
> Add new LibItem(s): count = 441
0,907817 sec.
____________________
12.02.2020 14:10:21
> Open file
> Add new LibItem(s): count = 441
0,9218893 sec.
____________________
12.02.2020 14:12:46
> Open file
> Add new LibItem(s): count = 8
0,1350049 sec.
____________________
12.02.2020 14:12:57
> Open file
> Add new LibItem(s): count = 55
0,1406067 sec.
____________________
12.02.2020 14:13:11
12.02.2020 14:14:17
> Open file
> Add new LibItem(s): count = 55
0,1874962 sec.
____________________
12.02.2020 14:14:52
> Open file
> Add new LibItem(s): count = 55
0,1874966 sec.
____________________
12.02.2020 14:16:00
> Open file
> Add new LibItem(s): count = 55
0,2031074 sec.
____________________
12.02.2020 14:17:01
> Open file
> Add new LibItem(s): count = 55
0,5624832 sec.
____________________
12.02.2020 14:17:24
> Add new LibItem(s): count = 29
0,2656266 sec.
____________________
12.02.2020 14:17:55
> Open file
> Add new LibItem(s): count = 260
0,4218806 sec.
____________________
12.02.2020 14:18:21
> Open file
> Add new LibItem(s): count = 260
0,4218823 sec.
____________________
12.02.2020 14:18:39
> Open file
> Add new LibItem(s): count = 441
0,8906455 sec.
____________________
12.02.2020 14:19:30
> Open file
> Add new LibItem(s): count = 95
0,2187488 sec.
____________________
12.02.2020 15:38:13
> Open file
> Add new LibItem(s): count = 441
1,0589866 sec.
____________________
12.02.2020 16:41:45
> Open file
> Add new LibItem(s): count = 441
0,9349839 sec.
____________________
12.02.2020 16:42:27
> Open file
> Add new LibItem(s): count = 2
0,0790184 sec.
____________________
19.02.2020 14:37:55
> Open file
> Add new LibItem(s): count = 29
0,1899942 sec.
____________________
19.02.2020 14:38:47
> Open file
> Add new LibItem(s): count = 29
0,193987 sec.
____________________
19.02.2020 14:39:15
> Open file
> Add new LibItem(s): count = 29
0,1920026 sec.
____________________
19.02.2020 14:49:15
> Open file
> Add new LibItem(s): count = 29
0,2000007 sec.
____________________
19.02.2020 14:50:37
> Open file
> Add new LibItem(s): count = 29
0,1830077 sec.
____________________
19.02.2020 14:51:26
> Open file
> Add new LibItem(s): count = 29
0,1779979 sec.
____________________
19.02.2020 14:53:35
> Open file
> Add new LibItem(s): count = 29
0,181988 sec.
____________________
19.02.2020 14:54:04
> Open file
> Add new LibItem(s): count = 29
0,2090101 sec.
____________________
19.02.2020 14:54:44
> Open file
> Add new LibItem(s): count = 29
0,1999995 sec.
____________________
19.02.2020 14:58:50
> Open file
> Add new LibItem(s): count = 29
0,1780059 sec.
____________________
19.02.2020 22:22:09
> Open file
> Add new LibItem(s): count = 29
0,1920018 sec.
____________________
19.02.2020 22:30:09
> Open file
> Add new LibItem(s): count = 29
0,2199984 sec.
____________________
19.02.2020 22:31:11
> Find unique where libItems count = 29 
0,096028 sec.
____________________
19.02.2020 22:31:14
> Find relevance where libItems count = 29 
0,0719796 sec.
____________________
19.02.2020 22:32:32
> Open file
> Add new LibItem(s): count = 29
0,2040032 sec.
____________________
19.02.2020 22:33:09
> Open file
> Add new LibItem(s): count = 29
0,1959994 sec.
____________________
19.02.2020 22:33:54
> Open file
> Add new LibItem(s): count = 29
0,203122 sec.
____________________
19.02.2020 22:34:34
> Open file
> Add new LibItem(s): count = 29
0,2079903 sec.
____________________
19.02.2020 22:35:51
> Open file
> Add new LibItem(s): count = 29
0,1920065 sec.
____________________
19.02.2020 22:37:03
> Open file
> Add new LibItem(s): count = 29
0,2187517 sec.
____________________
19.02.2020 22:37:39
> Open file
> Add new LibItem(s): count = 29
0,2343733 sec.
____________________
19.02.2020 22:39:07
> Open file
> Add new LibItem(s): count = 29
0,1874846 sec.
____________________
19.02.2020 22:39:50
> Open file
> Add new LibItem(s): count = 29
0,1920076 sec.
____________________
19.02.2020 22:40:34
> Open file
> Add new LibItem(s): count = 29
0,1960351 sec.
____________________
19.02.2020 22:45:10
> Open file
> Add new LibItem(s): count = 29
0,2187501 sec.
____________________
20.02.2020 8:07:57
> Open file
> Add new LibItem(s): count = 29
0,1718748 sec.
____________________
25.02.2020 10:07:13
> Open file
> Add new LibItem(s): count = 249
0,8085136 sec.
____________________
25.02.2020 10:09:44
> Open file
> Add new LibItem(s): count = 441
1,0821704 sec.
____________________
25.02.2020 10:10:40
> Open file
> Add new LibItem(s): count = 441
1,1645906 sec.
____________________
25.02.2020 10:11:31
> Open file
> Add new LibItem(s): count = 441
0,9471158 sec.
____________________
25.02.2020 10:15:09
> Find unique where libItems count = 441 
0,6089842 sec.
____________________
25.02.2020 10:15:17
> Find relevance where libItems count = 308 
0,3479949 sec.
____________________
25.02.2020 10:23:29
> Open file
> Add new LibItem(s): count = 3
0,1410296 sec.
____________________
25.02.2020 10:23:40
> Open file
> Add new LibItem(s): count = 4
0,0910001 sec.
____________________
25.02.2020 10:25:21
> Open file
> Add new LibItem(s): count = 29
0,1640102 sec.
____________________
25.02.2020 10:25:33
> Open file
> Add new LibItem(s): count = 441
0,8609941 sec.
____________________
25.02.2020 10:26:31
> Open file
> Add new LibItem(s): count = 10
0,1559832 sec.
____________________
25.02.2020 10:26:44
> Add new LibItem(s): count = 7
111,4936176 sec.
____________________
25.02.2020 10:31:24
> Open file
> Add new LibItem(s): count = 441
1,2535163 sec.
____________________
25.02.2020 10:35:07
> Open file
> Add new LibItem(s): count = 441
1,211004 sec.
____________________
25.02.2020 10:38:18
> Open file
> Add new LibItem(s): count = 441
1,1487546 sec.
____________________
25.02.2020 10:39:44
> Find unique where libItems count = 441 
0,6313046 sec.
____________________
25.02.2020 10:39:47
> Find relevance where libItems count = 308 
0,3249941 sec.
____________________
25.02.2020 10:40:03
> Find unique where libItems count = 441 
0,6660078 sec.
____________________
25.02.2020 10:40:27
> Open file
> Add new LibItem(s): count = 441
0,7240036 sec.
____________________
25.02.2020 10:41:45
> Open file
> Add new LibItem(s): count = 441
1,2197078 sec.
____________________
25.02.2020 10:46:05
> Open file
> Add new LibItem(s): count = 55
0,2040041 sec.
____________________
25.02.2020 10:48:21
> Open file
> Add new LibItem(s): count = 24
0,1420032 sec.
____________________
25.02.2020 18:08:51
> Open file
> Add new LibItem(s): count = 1
0,1719983 sec.
____________________
25.02.2020 20:16:16
> Open file
> Add new LibItem(s): count = 5
0,1249955 sec.
____________________
25.02.2020 20:17:27
> Find unique where libItems count = 5 
0,0549891 sec.
____________________
25.02.2020 20:19:40
> Open file
> Add new LibItem(s): count = 5
0,154995 sec.
____________________
25.02.2020 20:23:11
> Open file
> Add new LibItem(s): count = 5
0,1279934 sec.
____________________
25.02.2020 20:24:42
> Open file
> Add new LibItem(s): count = 5
0,1540017 sec.
____________________
25.02.2020 20:25:11
> Open file
> Add new LibItem(s): count = 5
0,0680029 sec.
____________________
25.02.2020 20:25:26
> Open file
> Add new LibItem(s): count = 5
0,1110168 sec.
____________________
25.02.2020 20:47:48
> Open file
> Add new LibItem(s): count = 5
0,150012 sec.
____________________
25.02.2020 20:59:20
> Open file
> Add new LibItem(s): count = 5
0,1369997 sec.
____________________
25.02.2020 21:06:06
> Open file
> Add new LibItem(s): count = 5
0,1449944 sec.
____________________
25.02.2020 21:13:34
> Open file
> Add new LibItem(s): count = 5
0,163998 sec.
____________________
25.02.2020 21:41:31
> Open file
> Add new LibItem(s): count = 5
0,1339961 sec.
____________________
25.02.2020 21:41:44
> Open file
> Add new LibItem(s): count = 100
0,2090029 sec.
____________________
25.02.2020 21:43:35
> Open file
> Add new LibItem(s): count = 5
0,1489919 sec.
____________________
25.02.2020 21:45:22
> Open file
> Add new LibItem(s): count = 5
0,1949857 sec.
____________________
25.02.2020 21:52:07
> Open file
> Add new LibItem(s): count = 5
0,1639959 sec.
____________________
25.02.2020 21:53:04
> Open file
> Add new LibItem(s): count = 5
0,1380046 sec.
____________________
25.02.2020 21:53:13
> Open file
> Add new LibItem(s): count = 100
0,1879995 sec.
____________________
25.02.2020 21:54:06
> Open file
> Add new LibItem(s): count = 100
0,3219936 sec.
____________________
25.02.2020 21:57:24
> Open file
> Add new LibItem(s): count = 100
0,4090088 sec.
____________________
25.02.2020 22:00:10
> Open file
> Add new LibItem(s): count = 100
0,3700086 sec.
____________________
25.02.2020 22:04:38
> Open file
> Add new LibItem(s): count = 100
0,4980079 sec.
____________________
25.02.2020 22:05:05
> Open file
> Add new LibItem(s): count = 100
0,3840265 sec.
____________________
25.02.2020 22:07:47
> Open file
> Add new LibItem(s): count = 100
0,5010013 sec.
____________________
25.02.2020 22:08:39
> Open file
> Add new LibItem(s): count = 100
0,3560042 sec.
____________________
25.02.2020 22:09:17
> Open file
> Add new LibItem(s): count = 100
0,3810008 sec.
____________________
25.02.2020 22:09:20
> Find unique where libItems count = 100 
0,2509895 sec.
____________________
25.02.2020 22:09:23
> Find relevance where libItems count = 98 
0,099981 sec.
____________________
25.02.2020 22:09:37
> Open file
> Add new LibItem(s): count = 0
0,0540165 sec.
____________________
25.02.2020 22:09:38
> Find unique where libItems count = 0 
0,1550124 sec.
____________________
25.02.2020 22:09:41
> Find relevance where libItems count = 0 
0,0480052 sec.
____________________
25.02.2020 22:09:49
> Open file
> Add new LibItem(s): count = 368
0,7089903 sec.
____________________
25.02.2020 22:09:52
> Find unique where libItems count = 368 
0,8970126 sec.
____________________
25.02.2020 22:09:55
> Find relevance where libItems count = 356 
0,0499998 sec.
____________________
25.02.2020 22:35:12
> Open file
> Add new LibItem(s): count = 100
0,2656081 sec.
____________________
25.02.2020 22:37:54
> Open file
> Add new LibItem(s): count = 100
0,2343755 sec.
____________________
25.02.2020 23:23:22
> Open file
> Add new LibItem(s): count = 100
0,2343739 sec.
____________________
25.02.2020 23:24:45
> Open file
> Add new LibItem(s): count = 100
0,2031424 sec.
____________________
25.02.2020 23:26:57
> Open file
> Add new LibItem(s): count = 100
0,390633 sec.
____________________
25.02.2020 23:27:56
> Open file
> Add new LibItem(s): count = 100
0,2969142 sec.
____________________
25.02.2020 23:28:47
> Open file
> Add new LibItem(s): count = 100
0,2656494 sec.
____________________
25.02.2020 23:29:22
> Open file
> Add new LibItem(s): count = 100
0,2656434 sec.
____________________
25.02.2020 23:29:41
> Open file
> Add new LibItem(s): count = 100
0,2656242 sec.
____________________
25.02.2020 23:38:24
> Open file
> Add new LibItem(s): count = 100
0,2968752 sec.
____________________
25.02.2020 23:41:46
> Open file
> Add new LibItem(s): count = 100
0,3124999 sec.
____________________
25.02.2020 23:42:20
> Open file
> Add new LibItem(s): count = 100
0,2656497 sec.
____________________
25.02.2020 23:42:58
> Open file
> Add new LibItem(s): count = 100
0,3124999 sec.
____________________
25.02.2020 23:44:15
> Open file
> Add new LibItem(s): count = 100
0,2812668 sec.
____________________
25.02.2020 23:44:33
> Find unique where libItems count = 100 
0,218749 sec.
____________________
25.02.2020 23:44:35
> Find relevance where libItems count = 98 
0,0781083 sec.
____________________
25.02.2020 23:44:42
> Find unique where libItems count = 100 
0,2187153 sec.
____________________
25.02.2020 23:44:45
> Find relevance where libItems count = 98 
0,0779576 sec.
____________________
25.02.2020 23:45:18
> Open file
> Add new LibItem(s): count = 100
0,3281437 sec.
____________________
25.02.2020 23:45:52
> Open file
> Add new LibItem(s): count = 100
0,2499983 sec.
____________________
26.02.2020 10:13:05
> Open file
> Add new LibItem(s): count = 100
0,3749965 sec.
____________________
26.02.2020 10:13:52
> Open file
> Add new LibItem(s): count = 4
0,0937569 sec.
____________________
26.02.2020 10:15:29
> Open file
> Add new LibItem(s): count = 441
0,8125028 sec.
____________________
26.02.2020 10:16:13
> Open file
> Add new LibItem(s): count = 441
0,9843764 sec.
____________________
